Change Component Description : Designator=Fuse Old Description=1206 SMT PPTC New Description=1206 SMT PPTC | 0.35 Ih | 30V
Change Component Description : Designator=Supply_P_Rob_3_GPIO Old Description=Pluggable Header 2.5mm 20AWG 160V 6A 4 Position COMBICON PTSM Series New Description=Pluggable Header 2.5mm 20AWG 160V 6A 4 Position COMBICON PTSM Series | Phoenix Contact 1814867
Added Component: Designator=USB_1(GCT_USB1135-15-9-L-B_REVA1)
Add component (AddParameter): Name = "Availability"; Value = "Unavailable"; VariantName = "[No Variations]"
Add component (AddParameter): Name = "MF"; Value = ""; VariantName = "[No Variations]"
Add component (AddParameter): Name = "MP"; Value = "USB1135-15-9-L-B_REVA1"; VariantName = "[No Variations]"
Add component (AddParameter): Name = "Package"; Value = "None"; VariantName = "[No Variations]"
Add component (AddParameter): Name = "Price"; Value = "None"; VariantName = "[No Variations]"
Add component (AddParameter): Name = "Value"; Value = ""; VariantName = "[No Variations]"
Added Component: Designator=USB_2(GCT_USB1135-15-9-L-B_REVA1)
Add component (AddParameter): Name = "Availability"; Value = "Unavailable"; VariantName = "[No Variations]"
Add component (AddParameter): Name = "ComponentLink1Description"; Value = "https://www.mouser.ch/ProductDetail/GCT/USB1135-15-9-L-B?qs=KUoIvG%2F9IlaGvSU06AX2Fg%3D%3D"; VariantName = "[No Variations]"
Add component (AddParameter): Name = "ComponentLink1URL"; Value = ""; VariantName = "[No Variations]"
Add component (AddParameter): Name = "MF"; Value = ""; VariantName = "[No Variations]"
Add component (AddParameter): Name = "MP"; Value = "USB1135-15-9-L-B_REVA1"; VariantName = "[No Variations]"
Add component (AddParameter): Name = "Package"; Value = "None"; VariantName = "[No Variations]"
Add component (AddParameter): Name = "Price"; Value = "None"; VariantName = "[No Variations]"
Add component (AddParameter): Name = "Value"; Value = ""; VariantName = "[No Variations]"
Added Pin To Net: NetName=NetUSB_1_1 Pin=USB_1-1
Added Pin To Net: NetName=NetUSB_1_2 Pin=USB_1-2
Added Pin To Net: NetName=NetUSB_1_3 Pin=USB_1-3
Added Pin To Net: NetName=GND Pin=USB_1-4
Added Pin To Net: NetName=NetUSB_1_5 Pin=USB_1-5
Added Pin To Net: NetName=NetUSB_1_6 Pin=USB_1-6
Added Pin To Net: NetName=GND Pin=USB_1-7
Added Pin To Net: NetName=NetUSB_1_8 Pin=USB_1-8
Added Pin To Net: NetName=NetUSB_1_9 Pin=USB_1-9
Added Pin To Net: NetName=GND Pin=USB_1-S1
Added Pin To Net: NetName=GND Pin=USB_1-S2
Added Pin To Net: NetName=NetUSB_2_1 Pin=USB_2-1
Added Pin To Net: NetName=NetUSB_2_2 Pin=USB_2-2
Added Pin To Net: NetName=NetUSB_2_3 Pin=USB_2-3
Added Pin To Net: NetName=GND Pin=USB_2-4
Added Pin To Net: NetName=NetUSB_2_5 Pin=USB_2-5
Added Pin To Net: NetName=NetUSB_2_6 Pin=USB_2-6
Added Pin To Net: NetName=GND Pin=USB_2-7
Added Pin To Net: NetName=NetUSB_2_8 Pin=USB_2-8
Added Pin To Net: NetName=NetUSB_2_9 Pin=USB_2-9
Added Pin To Net: NetName=GND Pin=USB_2-S1
Added Pin To Net: NetName=GND Pin=USB_2-S2
Added Member To Class: ClassName=Schematic_Interface_Lio_with_IC Member=Component USB_1 USB1135-15-9-L-B_REVA1
Added Member To Class: ClassName=Schematic_Interface_Lio_with_IC Member=Component USB_2_out USB1086-GF-B_REVA
Added Member To Class: ClassName=Schematic_Interface_Lio_with_IC Member=Component USB_2 USB1135-15-9-L-B_REVA1
