Change Component Designator: OldDesignator=USB_Interface_Out_1 NewDesignator=USB_1
Change Component Designator: OldDesignator=USB_Interface_Out_2 NewDesignator=USB_2
Change Component Designator: OldDesignator=USB_Lio_Interface_1 NewDesignator=USB_1
Change Component Designator: OldDesignator=USB_Lio_Interface_2 NewDesignator=USB_2
Change component parameters: Designator = "USB_Interface_Out_2" ("USB_Interface_Out_2"); Footprint = "GCT_USB1086-GF-B_REVA"; UniqueID = "\WMRUXSTS" ("\WMRUXSTS")
Change component parameters (AddParameter): Name = "Availability"; Value = "Unavailable"; VariantName = "[No Variations]"
Change component parameters (AddParameter): Name = "ComponentLink1Description"; Value = "https://www.mouser.ch/ProductDetail/GCT/USB1086-GF-B?qs=KUoIvG%2F9Ila%2FOuxyuagefg%3D%3D"; VariantName = "[No Variations]"
Change component parameters (AddParameter): Name = "ComponentLink1URL"; Value = ""; VariantName = "[No Variations]"
Change component parameters (AddParameter): Name = "DigiKey-Purchase-URL"; Value = "https://snapeda.com/shop?store=DigiKey&id=4594019"; VariantName = "[No Variations]"
Change component parameters (AddParameter): Name = "MF"; Value = "Global Connector Technology"; VariantName = "[No Variations]"
Change component parameters (AddParameter): Name = "MP"; Value = "USB1086-GF-B"; VariantName = "[No Variations]"
Change component parameters (AddParameter): Name = "Package"; Value = "None"; VariantName = "[No Variations]"
Change component parameters (AddParameter): Name = "Price"; Value = "None"; VariantName = "[No Variations]"
Change component parameters (AddParameter): Name = "SnapEDA_Link"; Value = "https://www.snapeda.com/parts/USB1086-GF-B/Global%20Connector%20Technology/view-part/4594019/?ref=snap"; VariantName = "[No Variations]"
Change component parameters (AddParameter): Name = "Value"; Value = ""; VariantName = "[No Variations]"
Change component parameters: Designator = "USB_Lio_Interface_2" ("USB_Lio_Interface_2"); Footprint = "GCT_USB1135-15-9-L-B_REVA1"; UniqueID = "\LPHJNGRI" ("\LPHJNGRI")
Change component parameters (AddParameter): Name = "Availability"; Value = "Unavailable"; VariantName = "[No Variations]"
Change component parameters (AddParameter): Name = "ComponentLink1Description"; Value = "https://www.mouser.ch/ProductDetail/GCT/USB1135-15-9-L-B?qs=KUoIvG%2F9IlaGvSU06AX2Fg%3D%3D"; VariantName = "[No Variations]"
Change component parameters (AddParameter): Name = "ComponentLink1URL"; Value = ""; VariantName = "[No Variations]"
Change component parameters (AddParameter): Name = "MF"; Value = ""; VariantName = "[No Variations]"
Change component parameters (AddParameter): Name = "MP"; Value = "USB1135-15-9-L-B_REVA1"; VariantName = "[No Variations]"
Change component parameters (AddParameter): Name = "Package"; Value = "None"; VariantName = "[No Variations]"
Change component parameters (AddParameter): Name = "Price"; Value = "None"; VariantName = "[No Variations]"
Change component parameters (AddParameter): Name = "Value"; Value = ""; VariantName = "[No Variations]"
Change Net Name : Old Net Name=NetUSB_Interface_Out_1_1 New Net Name=NetUSB_1_1
Change Net Name : Old Net Name=NetUSB_Interface_Out_1_2 New Net Name=NetUSB_1_2
Change Net Name : Old Net Name=NetUSB_Interface_Out_1_3 New Net Name=NetUSB_1_3
Change Net Name : Old Net Name=NetUSB_Interface_Out_1_5 New Net Name=NetUSB_1_5
Change Net Name : Old Net Name=NetUSB_Interface_Out_1_6 New Net Name=NetUSB_1_6
Change Net Name : Old Net Name=NetUSB_Interface_Out_1_8 New Net Name=NetUSB_1_8
Change Net Name : Old Net Name=NetUSB_Interface_Out_1_9 New Net Name=NetUSB_1_9
Change Net Name : Old Net Name=NetUSB_Interface_Out_2_1 New Net Name=NetUSB_2_1
Change Net Name : Old Net Name=NetUSB_Interface_Out_2_2 New Net Name=NetUSB_2_2
Change Net Name : Old Net Name=NetUSB_Interface_Out_2_3 New Net Name=NetUSB_2_3
Change Net Name : Old Net Name=NetUSB_Interface_Out_2_5 New Net Name=NetUSB_2_5
Change Net Name : Old Net Name=NetUSB_Interface_Out_2_6 New Net Name=NetUSB_2_6
Change Net Name : Old Net Name=NetUSB_Interface_Out_2_8 New Net Name=NetUSB_2_8
Change Net Name : Old Net Name=NetUSB_Interface_Out_2_9 New Net Name=NetUSB_2_9
