Removed Pin From Net: NetName=NetH2_1 Pin=Input_Lio-01
Removed Pin From Net: NetName=NetH2_2 Pin=Input_Lio-02
Removed Pin From Net: NetName=NetH2_3 Pin=Input_Lio-03
Removed Pin From Net: NetName=NetH2_4 Pin=Input_Lio-04
Removed Pin From Net: NetName=NetOutput_Lio_05 Pin=R1-1
Removed Pin From Net: NetName=NetOutput_Lio_06 Pin=R6-1
Removed Pin From Net: NetName=NetOutput_Lio_07 Pin=R11-1
Removed Pin From Net: NetName=NetOutput_Lio_02 Pin=R18-2
Removed Pin From Net: NetName=NetOutput_Lio_03 Pin=R20-1
Removed Pin From Net: NetName=NetOutput_Lio_04 Pin=R22-2
Added Pin To Net: NetName=NetH2_4 Pin=Input_Lio-05
Added Pin To Net: NetName=NetH2_3 Pin=Input_Lio-06
Added Pin To Net: NetName=NetH2_2 Pin=Input_Lio-07
Added Pin To Net: NetName=NetH2_1 Pin=Input_Lio-08
Added Pin To Net: NetName=NetOutput_Lio_04 Pin=R1-1
Added Pin To Net: NetName=NetOutput_Lio_03 Pin=R6-1
Added Pin To Net: NetName=NetOutput_Lio_02 Pin=R11-1
Added Pin To Net: NetName=NetOutput_Lio_07 Pin=R18-2
Added Pin To Net: NetName=NetOutput_Lio_06 Pin=R20-1
Added Pin To Net: NetName=NetOutput_Lio_05 Pin=R22-2
Added Pin To Net: NetName=NetOutput_Lio_08 Pin=Output_Lio-08
Added Pin To Net: NetName=NetOutput_Lio_08 Pin=R16-1
Added Net: Name=NetOutput_Lio_08
