Added Component: Designator=C25(0603)
Add component (AddParameter): Name = "Part ID"; Value = "C_1uF_0603"; VariantName = "[No Variations]"
Add component (AddParameter): Name = "Price 1pc (CHF)"; Value = "0.29"; VariantName = "[No Variations]"
Add component (AddParameter): Name = "Supplier 1"; Value = "Digi-Key"; VariantName = "[No Variations]"
Add component (AddParameter): Name = "Supplier Part Number 1"; Value = "1276-6617-1-ND"; VariantName = "[No Variations]"
Add component (AddParameter): Name = "TempKoeff"; Value = "X7R"; VariantName = "[No Variations]"
Add component (AddParameter): Name = "Tolerance"; Value = "10%"; VariantName = "[No Variations]"
Add component (AddParameter): Name = "Value"; Value = "1uF"; VariantName = "[No Variations]"
Add component (AddParameter): Name = "Voltage"; Value = "25V"; VariantName = "[No Variations]"
Added Component: Designator=C26(0603)
Add component (AddParameter): Name = "Part ID"; Value = "C_1uF_0603"; VariantName = "[No Variations]"
Add component (AddParameter): Name = "Price 1pc (CHF)"; Value = "0.29"; VariantName = "[No Variations]"
Add component (AddParameter): Name = "Supplier 1"; Value = "Digi-Key"; VariantName = "[No Variations]"
Add component (AddParameter): Name = "Supplier Part Number 1"; Value = "1276-6617-1-ND"; VariantName = "[No Variations]"
Add component (AddParameter): Name = "TempKoeff"; Value = "X7R"; VariantName = "[No Variations]"
Add component (AddParameter): Name = "Tolerance"; Value = "10%"; VariantName = "[No Variations]"
Add component (AddParameter): Name = "Value"; Value = "1uF"; VariantName = "[No Variations]"
Add component (AddParameter): Name = "Voltage"; Value = "25V"; VariantName = "[No Variations]"
Added Component: Designator=C27(0603)
Add component (AddParameter): Name = "Part ID"; Value = "C_1uF_0603"; VariantName = "[No Variations]"
Add component (AddParameter): Name = "Price 1pc (CHF)"; Value = "0.29"; VariantName = "[No Variations]"
Add component (AddParameter): Name = "Supplier 1"; Value = "Digi-Key"; VariantName = "[No Variations]"
Add component (AddParameter): Name = "Supplier Part Number 1"; Value = "1276-6617-1-ND"; VariantName = "[No Variations]"
Add component (AddParameter): Name = "TempKoeff"; Value = "X7R"; VariantName = "[No Variations]"
Add component (AddParameter): Name = "Tolerance"; Value = "10%"; VariantName = "[No Variations]"
Add component (AddParameter): Name = "Value"; Value = "1uF"; VariantName = "[No Variations]"
Add component (AddParameter): Name = "Voltage"; Value = "25V"; VariantName = "[No Variations]"
Added Component: Designator=C28(0603)
Add component (AddParameter): Name = "Part ID"; Value = "C_1uF_0603"; VariantName = "[No Variations]"
Add component (AddParameter): Name = "Price 1pc (CHF)"; Value = "0.29"; VariantName = "[No Variations]"
Add component (AddParameter): Name = "Supplier 1"; Value = "Digi-Key"; VariantName = "[No Variations]"
Add component (AddParameter): Name = "Supplier Part Number 1"; Value = "1276-6617-1-ND"; VariantName = "[No Variations]"
Add component (AddParameter): Name = "TempKoeff"; Value = "X7R"; VariantName = "[No Variations]"
Add component (AddParameter): Name = "Tolerance"; Value = "10%"; VariantName = "[No Variations]"
Add component (AddParameter): Name = "Value"; Value = "1uF"; VariantName = "[No Variations]"
Add component (AddParameter): Name = "Voltage"; Value = "25V"; VariantName = "[No Variations]"
Added Component: Designator=EC1(Screw_Earth_Connector_Pad)
Added Component: Designator=EC2(Screw_Earth_Connector_Pad)
Added Component: Designator=EC3(Screw_Earth_Connector_Pad)
Added Component: Designator=EC4(Screw_Earth_Connector_Pad)
Added Component: Designator=R24(0805)
Add component (AddParameter): Name = "Part ID"; Value = "R_1M_0805"; VariantName = "[No Variations]"
Add component (AddParameter): Name = "Power Dissipation"; Value = "125mW"; VariantName = "[No Variations]"
Add component (AddParameter): Name = "Price 10pcs (CHF)"; Value = "0.042"; VariantName = "[No Variations]"
Add component (AddParameter): Name = "Supplier 1"; Value = "Digi-Key"; VariantName = "[No Variations]"
Add component (AddParameter): Name = "Supplier Part Number 1"; Value = "311-1.00MCRCT-ND"; VariantName = "[No Variations]"
Add component (AddParameter): Name = "Tolerance"; Value = "1%"; VariantName = "[No Variations]"
Add component (AddParameter): Name = "Value"; Value = "1M"; VariantName = "[No Variations]"
Added Component: Designator=R25(0805)
Add component (AddParameter): Name = "Part ID"; Value = "R_1M_0805"; VariantName = "[No Variations]"
Add component (AddParameter): Name = "Power Dissipation"; Value = "125mW"; VariantName = "[No Variations]"
Add component (AddParameter): Name = "Price 10pcs (CHF)"; Value = "0.042"; VariantName = "[No Variations]"
Add component (AddParameter): Name = "Supplier 1"; Value = "Digi-Key"; VariantName = "[No Variations]"
Add component (AddParameter): Name = "Supplier Part Number 1"; Value = "311-1.00MCRCT-ND"; VariantName = "[No Variations]"
Add component (AddParameter): Name = "Tolerance"; Value = "1%"; VariantName = "[No Variations]"
Add component (AddParameter): Name = "Value"; Value = "1M"; VariantName = "[No Variations]"
Added Component: Designator=R26(0805)
Add component (AddParameter): Name = "Part ID"; Value = "R_1M_0805"; VariantName = "[No Variations]"
Add component (AddParameter): Name = "Power Dissipation"; Value = "125mW"; VariantName = "[No Variations]"
Add component (AddParameter): Name = "Price 10pcs (CHF)"; Value = "0.042"; VariantName = "[No Variations]"
Add component (AddParameter): Name = "Supplier 1"; Value = "Digi-Key"; VariantName = "[No Variations]"
Add component (AddParameter): Name = "Supplier Part Number 1"; Value = "311-1.00MCRCT-ND"; VariantName = "[No Variations]"
Add component (AddParameter): Name = "Tolerance"; Value = "1%"; VariantName = "[No Variations]"
Add component (AddParameter): Name = "Value"; Value = "1M"; VariantName = "[No Variations]"
Added Component: Designator=R27(0805)
Add component (AddParameter): Name = "Part ID"; Value = "R_1M_0805"; VariantName = "[No Variations]"
Add component (AddParameter): Name = "Power Dissipation"; Value = "125mW"; VariantName = "[No Variations]"
Add component (AddParameter): Name = "Price 10pcs (CHF)"; Value = "0.042"; VariantName = "[No Variations]"
Add component (AddParameter): Name = "Supplier 1"; Value = "Digi-Key"; VariantName = "[No Variations]"
Add component (AddParameter): Name = "Supplier Part Number 1"; Value = "311-1.00MCRCT-ND"; VariantName = "[No Variations]"
Add component (AddParameter): Name = "Tolerance"; Value = "1%"; VariantName = "[No Variations]"
Add component (AddParameter): Name = "Value"; Value = "1M"; VariantName = "[No Variations]"
Added Pin To Net: NetName=GND Pin=C25-2
Added Pin To Net: NetName=GND Pin=C26-1
Added Pin To Net: NetName=GND Pin=C27-1
Added Pin To Net: NetName=GND Pin=C28-1
Added Pin To Net: NetName=GND Pin=R24-2
Added Pin To Net: NetName=GND Pin=R25-2
Added Pin To Net: NetName=GND Pin=R26-2
Added Pin To Net: NetName=GND Pin=R27-2
Added Pin To Net: NetName=NetC25_1 Pin=C25-1
Added Pin To Net: NetName=NetC25_1 Pin=R24-1
Added Net: Name=NetC25_1
Added Pin To Net: NetName=NetC26_2 Pin=C26-2
Added Pin To Net: NetName=NetC26_2 Pin=R25-1
Added Net: Name=NetC26_2
Added Pin To Net: NetName=NetC27_2 Pin=C27-2
Added Pin To Net: NetName=NetC27_2 Pin=R26-1
Added Net: Name=NetC27_2
Added Pin To Net: NetName=NetC28_2 Pin=C28-2
Added Pin To Net: NetName=NetC28_2 Pin=R27-1
Added Net: Name=NetC28_2
Added Member To Class: ClassName=Schematic_Interface_Lio_with_IC Member=Component C25 C 1uF 0603
Added Member To Class: ClassName=Schematic_Interface_Lio_with_IC Member=Component C26 C 1uF 0603
Added Member To Class: ClassName=Schematic_Interface_Lio_with_IC Member=Component C27 C 1uF 0603
Added Member To Class: ClassName=Schematic_Interface_Lio_with_IC Member=Component C28 C 1uF 0603
Added Member To Class: ClassName=Schematic_Interface_Lio_with_IC Member=Component EC1 Screw_Earth_Connection
Added Member To Class: ClassName=Schematic_Interface_Lio_with_IC Member=Component EC2 Screw_Earth_Connection
Added Member To Class: ClassName=Schematic_Interface_Lio_with_IC Member=Component EC3 Screw_Earth_Connection
Added Member To Class: ClassName=Schematic_Interface_Lio_with_IC Member=Component EC4 Screw_Earth_Connection
Added Member To Class: ClassName=Schematic_Interface_Lio_with_IC Member=Component R24 R 1M 0805
Added Member To Class: ClassName=Schematic_Interface_Lio_with_IC Member=Component R25 R 1M 0805
Added Member To Class: ClassName=Schematic_Interface_Lio_with_IC Member=Component R26 R 1M 0805
Added Member To Class: ClassName=Schematic_Interface_Lio_with_IC Member=Component R27 R 1M 0805
