Added Component: Designator=Input_Lio(PHOENIX_1814906)
Add component (AddParameter): Name = "Availability"; Value = "Unavailable"; VariantName = "[No Variations]"
Add component (AddParameter): Name = "ComponentLink1Description"; Value = "https://www.phoenixcontact.com/en-us/products/pcb-header-ptsm-05-8-hh-25-thr-wh-r44-1814906"; VariantName = "[No Variations]"
Add component (AddParameter): Name = "ComponentLink1URL"; Value = ""; VariantName = "[No Variations]"
Add component (AddParameter): Name = "MF"; Value = "{'manufacturer': u'Phoenix Contact'}"; VariantName = "[No Variations]"
Add component (AddParameter): Name = "MP"; Value = "1814906"; VariantName = "[No Variations]"
Add component (AddParameter): Name = "Package"; Value = "None"; VariantName = "[No Variations]"
Add component (AddParameter): Name = "Price"; Value = "None"; VariantName = "[No Variations]"
Add component (AddParameter): Name = "Value"; Value = ""; VariantName = "[No Variations]"
Added Component: Designator=Output_Lio(PHOENIX_1814906)
Add component (AddParameter): Name = "Availability"; Value = "Unavailable"; VariantName = "[No Variations]"
Add component (AddParameter): Name = "ComponentLink1Description"; Value = "https://www.phoenixcontact.com/en-us/products/pcb-header-ptsm-05-8-hh-25-thr-wh-r44-1814906"; VariantName = "[No Variations]"
Add component (AddParameter): Name = "ComponentLink1URL"; Value = ""; VariantName = "[No Variations]"
Add component (AddParameter): Name = "MF"; Value = "{'manufacturer': u'Phoenix Contact'}"; VariantName = "[No Variations]"
Add component (AddParameter): Name = "MP"; Value = "1814906"; VariantName = "[No Variations]"
Add component (AddParameter): Name = "Package"; Value = "None"; VariantName = "[No Variations]"
Add component (AddParameter): Name = "Price"; Value = "None"; VariantName = "[No Variations]"
Add component (AddParameter): Name = "Value"; Value = ""; VariantName = "[No Variations]"
Added Component: Designator=Supply_P_Rob_3_GPIO(PHOENIX_1814867)
Add component (AddParameter): Name = "Check_prices"; Value = "https://www.snapeda.com/parts/1814867/Phoenix+Contact/view-part/?ref=eda"; VariantName = "[No Variations]"
Add component (AddParameter): Name = "ComponentLink1Description"; Value = "https://www.phoenixcontact.com/en-us/products/pcb-header-ptsm-05-4-hh-25-thr-wh-r32-1814867"; VariantName = "[No Variations]"
Add component (AddParameter): Name = "ComponentLink1URL"; Value = ""; VariantName = "[No Variations]"
Add component (AddParameter): Name = "MF"; Value = "Phoenix Contact"; VariantName = "[No Variations]"
Add component (AddParameter): Name = "MP"; Value = "1814867"; VariantName = "[No Variations]"
Add component (AddParameter): Name = "Package"; Value = "None"; VariantName = "[No Variations]"
Add component (AddParameter): Name = "SnapEDA_Link"; Value = "https://www.snapeda.com/parts/1814867/Phoenix+Contact/view-part/?ref=snap"; VariantName = "[No Variations]"
Add component (AddParameter): Name = "Value"; Value = ""; VariantName = "[No Variations]"
Added Pin To Net: NetName=NetDI_S_C_1_1 Pin=Input_Lio-01
Added Pin To Net: NetName=NetDI_S_C_2_1 Pin=Input_Lio-02
Added Pin To Net: NetName=NetDI_S_C_3_1 Pin=Input_Lio-03
Added Pin To Net: NetName=NetDI_S_C_4_1 Pin=Input_Lio-04
Added Pin To Net: NetName=NetOutput_Lio_01 Pin=Output_Lio-01
Added Pin To Net: NetName=NetOutput_Lio_02 Pin=Output_Lio-02
Added Pin To Net: NetName=NetOutput_Lio_03 Pin=Output_Lio-03
Added Pin To Net: NetName=NetOutput_Lio_04 Pin=Output_Lio-04
Added Pin To Net: NetName=NetOutput_Lio_05 Pin=Output_Lio-05
Added Pin To Net: NetName=NetOutput_Lio_06 Pin=Output_Lio-06
Added Pin To Net: NetName=NetOutput_Lio_07 Pin=Output_Lio-07
Added Pin To Net: NetName=GND Pin=Supply_P_Rob_3_GPIO-01
Added Pin To Net: NetName=GND Pin=Supply_P_Rob_3_GPIO-02
Added Pin To Net: NetName=NetFuse_2 Pin=Supply_P_Rob_3_GPIO-03
Added Pin To Net: NetName=NetFuse_2 Pin=Supply_P_Rob_3_GPIO-04
Added Member To Class: ClassName=Schematic_Interface_Lio_with_IC Member=Component Input_Lio 1814906
Added Member To Class: ClassName=Schematic_Interface_Lio_with_IC Member=Component Output_Lio 1814906
Added Member To Class: ClassName=Schematic_Interface_Lio_with_IC Member=Component Supply_P_Rob_3_GPIO 1814867
