Removed Pin From Net: NetName=NetC25_1 Pin=EC1-4
Removed Pin From Net: NetName=NetC26_2 Pin=EC2-4
Removed Pin From Net: NetName=NetC27_2 Pin=EC3-4
Removed Pin From Net: NetName=NetC28_2 Pin=EC4-4
Removed Pin From Net: NetName=NetR16_2 Pin=T1-1
Removed Pin From Net: NetName=GND Pin=T1-2
Removed Pin From Net: NetName=NetH2_1 Pin=T1-3
Removed Pin From Net: NetName=NetR18_1 Pin=T2-1
Removed Pin From Net: NetName=GND Pin=T2-2
Removed Pin From Net: NetName=NetH2_2 Pin=T2-3
Removed Pin From Net: NetName=NetR20_2 Pin=T3-1
Removed Pin From Net: NetName=GND Pin=T3-2
Removed Pin From Net: NetName=NetH2_3 Pin=T3-3
Removed Pin From Net: NetName=NetR22_1 Pin=T4-1
Removed Pin From Net: NetName=GND Pin=T4-2
Removed Pin From Net: NetName=NetH2_4 Pin=T4-3
Change Component Footprint: Designator=T1 Old Footprint=TRANS_TSM2309CXRFG New Footprint=SOT-23-FET
Change Component Footprint: Designator=T2 Old Footprint=TRANS_TSM2309CXRFG New Footprint=SOT-23-FET
Change Component Footprint: Designator=T3 Old Footprint=TRANS_TSM2309CXRFG New Footprint=SOT-23-FET
Change Component Footprint: Designator=T4 Old Footprint=TRANS_TSM2309CXRFG New Footprint=SOT-23-FET
Change Component Comment : Designator=T1 Old Comment=TSM2309CXRFG New Comment=PMV45EN
Change Component Comment : Designator=T2 Old Comment=TSM2309CXRFG New Comment=PMV45EN
Change Component Comment : Designator=T3 Old Comment=TSM2309CXRFG New Comment=PMV45EN
Change Component Comment : Designator=T4 Old Comment=TSM2309CXRFG New Comment=PMV45EN
Change component parameters: Designator = "T1" ("T1"); Footprint = "TRANS_TSM2309CXRFG"; UniqueID = "\BBNVKUER" ("\BBNVKUER")
Change component parameters (AddParameter): Name = "ComponentLink1Description"; Value = "Datasheet"; VariantName = "[No Variations]"
Change component parameters (AddParameter): Name = "ComponentLink1URL"; Value = "https://assets.nexperia.com/documents/data-sheet/PMV45EN2.pdf"; VariantName = "[No Variations]"
Change component parameters (AddParameter): Name = "Current"; Value = "4.1A"; VariantName = "[No Variations]"
Change component parameters (AddParameter): Name = "Part ID"; Value = "FET_N_CH_PMV45EN"; VariantName = "[No Variations]"
Change component parameters (AddParameter): Name = "Power Dissipation"; Value = "510mW"; VariantName = "[No Variations]"
Change component parameters (AddParameter): Name = "Price 1pc (CHF)"; Value = "0.44"; VariantName = "[No Variations]"
Change component parameters (AddParameter): Name = "Supplier 1"; Value = "Digi-Key"; VariantName = "[No Variations]"
Change component parameters (AddParameter): Name = "Supplier Part Number 1"; Value = "1727-2307-1-ND"; VariantName = "[No Variations]"
Change component parameters (AddParameter): Name = "Value"; Value = ""; VariantName = "[No Variations]"
Change component parameters (AddParameter): Name = "Voltage"; Value = "30V"; VariantName = "[No Variations]"
Change component parameters: Designator = "T2" ("T2"); Footprint = "TRANS_TSM2309CXRFG"; UniqueID = "\RDWVBPZG" ("\RDWVBPZG")
Change component parameters (AddParameter): Name = "ComponentLink1Description"; Value = "Datasheet"; VariantName = "[No Variations]"
Change component parameters (AddParameter): Name = "ComponentLink1URL"; Value = "https://assets.nexperia.com/documents/data-sheet/PMV45EN2.pdf"; VariantName = "[No Variations]"
Change component parameters (AddParameter): Name = "Current"; Value = "4.1A"; VariantName = "[No Variations]"
Change component parameters (AddParameter): Name = "Part ID"; Value = "FET_N_CH_PMV45EN"; VariantName = "[No Variations]"
Change component parameters (AddParameter): Name = "Power Dissipation"; Value = "510mW"; VariantName = "[No Variations]"
Change component parameters (AddParameter): Name = "Price 1pc (CHF)"; Value = "0.44"; VariantName = "[No Variations]"
Change component parameters (AddParameter): Name = "Supplier 1"; Value = "Digi-Key"; VariantName = "[No Variations]"
Change component parameters (AddParameter): Name = "Supplier Part Number 1"; Value = "1727-2307-1-ND"; VariantName = "[No Variations]"
Change component parameters (AddParameter): Name = "Value"; Value = ""; VariantName = "[No Variations]"
Change component parameters (AddParameter): Name = "Voltage"; Value = "30V"; VariantName = "[No Variations]"
Change component parameters: Designator = "T3" ("T3"); Footprint = "TRANS_TSM2309CXRFG"; UniqueID = "\WQERJKQS" ("\WQERJKQS")
Change component parameters (AddParameter): Name = "ComponentLink1Description"; Value = "Datasheet"; VariantName = "[No Variations]"
Change component parameters (AddParameter): Name = "ComponentLink1URL"; Value = "https://assets.nexperia.com/documents/data-sheet/PMV45EN2.pdf"; VariantName = "[No Variations]"
Change component parameters (AddParameter): Name = "Current"; Value = "4.1A"; VariantName = "[No Variations]"
Change component parameters (AddParameter): Name = "Part ID"; Value = "FET_N_CH_PMV45EN"; VariantName = "[No Variations]"
Change component parameters (AddParameter): Name = "Power Dissipation"; Value = "510mW"; VariantName = "[No Variations]"
Change component parameters (AddParameter): Name = "Price 1pc (CHF)"; Value = "0.44"; VariantName = "[No Variations]"
Change component parameters (AddParameter): Name = "Supplier 1"; Value = "Digi-Key"; VariantName = "[No Variations]"
Change component parameters (AddParameter): Name = "Supplier Part Number 1"; Value = "1727-2307-1-ND"; VariantName = "[No Variations]"
Change component parameters (AddParameter): Name = "Value"; Value = ""; VariantName = "[No Variations]"
Change component parameters (AddParameter): Name = "Voltage"; Value = "30V"; VariantName = "[No Variations]"
Change component parameters: Designator = "T4" ("T4"); Footprint = "TRANS_TSM2309CXRFG"; UniqueID = "\ZJQYYDAW" ("\ZJQYYDAW")
Change component parameters (AddParameter): Name = "ComponentLink1Description"; Value = "Datasheet"; VariantName = "[No Variations]"
Change component parameters (AddParameter): Name = "ComponentLink1URL"; Value = "https://assets.nexperia.com/documents/data-sheet/PMV45EN2.pdf"; VariantName = "[No Variations]"
Change component parameters (AddParameter): Name = "Current"; Value = "4.1A"; VariantName = "[No Variations]"
Change component parameters (AddParameter): Name = "Part ID"; Value = "FET_N_CH_PMV45EN"; VariantName = "[No Variations]"
Change component parameters (AddParameter): Name = "Power Dissipation"; Value = "510mW"; VariantName = "[No Variations]"
Change component parameters (AddParameter): Name = "Price 1pc (CHF)"; Value = "0.44"; VariantName = "[No Variations]"
Change component parameters (AddParameter): Name = "Supplier 1"; Value = "Digi-Key"; VariantName = "[No Variations]"
Change component parameters (AddParameter): Name = "Supplier Part Number 1"; Value = "1727-2307-1-ND"; VariantName = "[No Variations]"
Change component parameters (AddParameter): Name = "Value"; Value = ""; VariantName = "[No Variations]"
Change component parameters (AddParameter): Name = "Voltage"; Value = "30V"; VariantName = "[No Variations]"
Add Pin To Net: Unknown Pin: Pin EC1-1
Add Pin To Net: Unknown Pin: Pin EC2-1
Add Pin To Net: Unknown Pin: Pin EC3-1
Add Pin To Net: Unknown Pin: Pin EC4-1
Added Pin To Net: NetName=NetH2_1 Pin=T1-D
Added Pin To Net: NetName=NetR16_2 Pin=T1-G
Added Pin To Net: NetName=GND Pin=T1-S
Added Pin To Net: NetName=NetH2_2 Pin=T2-D
Added Pin To Net: NetName=NetR18_1 Pin=T2-G
Added Pin To Net: NetName=GND Pin=T2-S
Added Pin To Net: NetName=NetH2_3 Pin=T3-D
Added Pin To Net: NetName=NetR20_2 Pin=T3-G
Added Pin To Net: NetName=GND Pin=T3-S
Added Pin To Net: NetName=NetH2_4 Pin=T4-D
Added Pin To Net: NetName=NetR22_1 Pin=T4-G
Added Pin To Net: NetName=GND Pin=T4-S
