Removed Pin From Net: NetName=NetC25_1 Pin=EC1-4
Removed Pin From Net: NetName=NetC27_2 Pin=EC3-4
Removed Pin From Net: NetName=NetC28_2 Pin=EC4-4
Removed Pin From Net: NetName=NetH2_4 Pin=Input_Lio-05
Removed Pin From Net: NetName=NetH2_3 Pin=Input_Lio-06
Removed Pin From Net: NetName=NetH2_2 Pin=Input_Lio-07
Removed Pin From Net: NetName=NetH2_1 Pin=Input_Lio-08
Removed Pin From Net: NetName=NetH1_4 Pin=SC_1-2
Removed Pin From Net: NetName=NetH1_3 Pin=SC_2-1
Removed Pin From Net: NetName=NetH1_2 Pin=SC_2-2
Removed Pin From Net: NetName=NetH1_1 Pin=SC_2-3
Removed Pin From Net: NetName=NetH2_4 Pin=SC_3-2
Removed Pin From Net: NetName=NetH2_3 Pin=SC_3-3
Removed Pin From Net: NetName=NetH2_2 Pin=SC_4-1
Removed Pin From Net: NetName=NetH2_1 Pin=SC_4-2
Removed Pin From Net: NetName=NetH1_1 Pin=T1-3
Removed Pin From Net: NetName=NetH1_2 Pin=T2-3
Removed Pin From Net: NetName=NetH1_3 Pin=T3-3
Removed Pin From Net: NetName=NetH1_4 Pin=T4-3
Add Pin To Net: Unknown Pin: Pin EC1-1
Add Pin To Net: Unknown Pin: Pin EC2-1
Add Pin To Net: Unknown Pin: Pin EC3-1
Add Pin To Net: Unknown Pin: Pin EC4-1
Added Pin To Net: NetName=NetH1_4 Pin=Input_Lio-05
Added Pin To Net: NetName=NetH1_3 Pin=Input_Lio-06
Added Pin To Net: NetName=NetH1_2 Pin=Input_Lio-07
Added Pin To Net: NetName=NetH1_1 Pin=Input_Lio-08
Added Pin To Net: NetName=NetH2_4 Pin=SC_1-2
Added Pin To Net: NetName=NetH2_3 Pin=SC_2-1
Added Pin To Net: NetName=NetH2_2 Pin=SC_2-2
Added Pin To Net: NetName=NetH2_1 Pin=SC_2-3
Added Pin To Net: NetName=NetH1_4 Pin=SC_3-2
Added Pin To Net: NetName=NetH1_3 Pin=SC_3-3
Added Pin To Net: NetName=NetH1_2 Pin=SC_4-1
Added Pin To Net: NetName=NetH1_1 Pin=SC_4-2
Added Pin To Net: NetName=NetH2_1 Pin=T1-3
Added Pin To Net: NetName=NetH2_2 Pin=T2-3
Added Pin To Net: NetName=NetH2_3 Pin=T3-3
Added Pin To Net: NetName=NetH2_4 Pin=T4-3
