Removed Pin From Net: NetName=GND Pin=Designator2-4
Removed Pin From Net: NetName=GND Pin=Designator3-4
Removed Pin From Net: NetName=GND Pin=Designator4-4
Removed Pin From Net: NetName=GND Pin=Designator5-4
Removed Pin From Net: NetName=GND Pin=Designator6-4
Removed Pin From Net: NetName=DO-4 Pin=Designator7-4
Removed Pin From Net: NetName=DO-4 Pin=Designator8-4
Removed Pin From Net: NetName=DO-4 Pin=Designator9-4
Removed Pin From Net: NetName=DO-4 Pin=Designator10-4
Removed Pin From Net: NetName=DO-4 Pin=Designator11-4
Removed Pin From Net: NetName=5V Pin=Designator12-4
Removed Pin From Net: NetName=5V Pin=Designator13-4
Removed Pin From Net: NetName=5V Pin=Designator14-4
Removed Pin From Net: NetName=5V Pin=Designator15-4
Removed Pin From Net: NetName=5V Pin=Designator16-4
Removed Pin From Net: NetName=DO-3 Pin=Designator27-4
Removed Pin From Net: NetName=DO-3 Pin=Designator28-4
Removed Pin From Net: NetName=DO-3 Pin=Designator29-4
Removed Pin From Net: NetName=DO-3 Pin=Designator30-4
Removed Pin From Net: NetName=DO-3 Pin=Designator31-4
Removed Pin From Net: NetName=DO-2 Pin=Designator32-4
Removed Pin From Net: NetName=DO-2 Pin=Designator33-4
Removed Pin From Net: NetName=DO-2 Pin=Designator34-4
Removed Pin From Net: NetName=DO-2 Pin=Designator35-4
Removed Pin From Net: NetName=DO-2 Pin=Designator36-4
Removed Pin From Net: NetName=DO-1 Pin=Designator37-4
Removed Pin From Net: NetName=DO-1 Pin=Designator38-4
Removed Pin From Net: NetName=DO-1 Pin=Designator39-4
Removed Pin From Net: NetName=DO-1 Pin=Designator40-4
Removed Pin From Net: NetName=DO-1 Pin=Designator41-4
Removed Pin From Net: NetName=3.3V Pin=Designator52-4
Removed Pin From Net: NetName=3.3V Pin=Designator53-4
Removed Pin From Net: NetName=3.3V Pin=Designator54-4
Removed Pin From Net: NetName=3.3V Pin=Designator55-4
Removed Pin From Net: NetName=3.3V Pin=Designator56-4
Removed Pin From Net: NetName=DI4 Pin=Designator57-4
Removed Pin From Net: NetName=DI4 Pin=Designator58-4
Removed Pin From Net: NetName=DI4 Pin=Designator59-4
Removed Pin From Net: NetName=DI4 Pin=Designator60-4
Removed Pin From Net: NetName=DI4 Pin=Designator61-4
Removed Pin From Net: NetName=DI3 Pin=Designator62-4
Removed Pin From Net: NetName=DI3 Pin=Designator63-4
Removed Pin From Net: NetName=DI3 Pin=Designator64-4
Removed Pin From Net: NetName=DI3 Pin=Designator65-4
Removed Pin From Net: NetName=DI3 Pin=Designator66-4
Removed Pin From Net: NetName=DI2 Pin=Designator67-4
Removed Pin From Net: NetName=DI2 Pin=Designator68-4
Removed Pin From Net: NetName=DI2 Pin=Designator69-4
Removed Pin From Net: NetName=DI2 Pin=Designator70-4
Removed Pin From Net: NetName=DI2 Pin=Designator71-4
Removed Pin From Net: NetName=DI1 Pin=Designator72-4
Removed Pin From Net: NetName=DI1 Pin=Designator73-4
Removed Pin From Net: NetName=DI1 Pin=Designator74-4
Removed Pin From Net: NetName=DI1 Pin=Designator75-4
Removed Pin From Net: NetName=DI1 Pin=Designator76-4
Removed Pin From Net: NetName=12V Pin=Designator77-4
Removed Pin From Net: NetName=12V Pin=Designator78-4
Removed Pin From Net: NetName=12V Pin=Designator79-4
Removed Pin From Net: NetName=12V Pin=Designator80-4
Removed Pin From Net: NetName=12V Pin=Designator81-4
